2015-04-13 13:24:32.353 HelloCordova[1102:17361] DiskCookieStorage changing policy from 2 to 0, cookie file: file:///Users/parisasaharkhiz/Library/Developer/CoreSimulator/Devices/4E688805-2081-4EAF-860C-FCCE6F0D4E78/data/Containers/Data/Application/1B3C9478-4C83-44E6-A66B-773278E3327F/Library/Cookies/Cookies.binarycookies
2015-04-13 13:24:32.582 HelloCordova[1102:17361] Apache Cordova native platform version 3.8.0 is starting.
2015-04-13 13:24:32.582 HelloCordova[1102:17361] Multi-tasking -> Device: YES, App: YES
2015-04-13 13:24:32.594 HelloCordova[1102:17361] Unlimited access to network resources
2015-04-13 13:24:32.605 HelloCordova[1102:17361] 

Started backup to iCloud! Please be careful.
Your application might be rejected by Apple if you store too much data.
For more information please read "iOS Data Storage Guidelines" at:
https://developer.apple.com/icloud/documentation/data-storage/
To disable web storage backup to iCloud, set the BackupWebStorage preference to "local" in the Cordova config.xml file

2015-04-13 13:24:33.138 HelloCordova[1102:17361] Resetting plugins due to page load.
2015-04-13 13:24:33.247 HelloCordova[1102:17361] Finished load of: file:///Users/parisasaharkhiz/Library/Developer/CoreSimulator/Devices/4E688805-2081-4EAF-860C-FCCE6F0D4E78/data/Containers/Bundle/Application/9BABFB80-5257-47D0-91D9-277D9A4B9C1E/HelloCordova.app/www/index.html
2015-04-13 13:26:04.936 HelloCordova[1172:18467] DiskCookieStorage changing policy from 2 to 0, cookie file: file:///Users/parisasaharkhiz/Library/Developer/CoreSimulator/Devices/4E688805-2081-4EAF-860C-FCCE6F0D4E78/data/Containers/Data/Application/025EE185-27C6-4722-9EAC-4F577936755B/Library/Cookies/Cookies.binarycookies
2015-04-13 13:26:05.077 HelloCordova[1172:18467] Apache Cordova native platform version 3.8.0 is starting.
2015-04-13 13:26:05.077 HelloCordova[1172:18467] Multi-tasking -> Device: YES, App: YES
2015-04-13 13:26:05.079 HelloCordova[1172:18467] Unlimited access to network resources
2015-04-13 13:26:05.080 HelloCordova[1172:18467] 

Started backup to iCloud! Please be careful.
Your application might be rejected by Apple if you store too much data.
For more information please read "iOS Data Storage Guidelines" at:
https://developer.apple.com/icloud/documentation/data-storage/
To disable web storage backup to iCloud, set the BackupWebStorage preference to "local" in the Cordova config.xml file

2015-04-13 13:26:05.192 HelloCordova[1172:18467] Resetting plugins due to page load.
2015-04-13 13:26:05.280 HelloCordova[1172:18467] Finished load of: file:///Users/parisasaharkhiz/Library/Developer/CoreSimulator/Devices/4E688805-2081-4EAF-860C-FCCE6F0D4E78/data/Containers/Bundle/Application/5270A52C-C984-4FDA-8639-A9C217D2338F/HelloCordova.app/www/index.html
2015-04-13 13:31:07.668 HelloCordova[1252:21245] DiskCookieStorage changing policy from 2 to 0, cookie file: file:///Users/parisasaharkhiz/Library/Developer/CoreSimulator/Devices/4E688805-2081-4EAF-860C-FCCE6F0D4E78/data/Containers/Data/Application/65B0B681-A955-4828-841A-D4EB39937548/Library/Cookies/Cookies.binarycookies
2015-04-13 13:31:07.725 HelloCordova[1252:21245] Apache Cordova native platform version 3.8.0 is starting.
2015-04-13 13:31:07.725 HelloCordova[1252:21245] Multi-tasking -> Device: YES, App: YES
2015-04-13 13:31:07.727 HelloCordova[1252:21245] Unlimited access to network resources
2015-04-13 13:31:07.729 HelloCordova[1252:21245] 

Started backup to iCloud! Please be careful.
Your application might be rejected by Apple if you store too much data.
For more information please read "iOS Data Storage Guidelines" at:
https://developer.apple.com/icloud/documentation/data-storage/
To disable web storage backup to iCloud, set the BackupWebStorage preference to "local" in the Cordova config.xml file

2015-04-13 13:31:07.831 HelloCordova[1252:21245] Resetting plugins due to page load.
2015-04-13 13:31:07.878 HelloCordova[1252:21245] Finished load of: file:///Users/parisasaharkhiz/Library/Developer/CoreSimulator/Devices/4E688805-2081-4EAF-860C-FCCE6F0D4E78/data/Containers/Bundle/Application/3691E883-52DA-4C8F-8F13-B320B82CE54A/HelloCordova.app/www/index.html
2015-04-13 13:33:04.961 HelloCordova[1252:21245] Resetting plugins due to page load.
2015-04-13 13:33:04.979 HelloCordova[1252:21245] Finished load of: file:///Users/parisasaharkhiz/Library/Developer/CoreSimulator/Devices/4E688805-2081-4EAF-860C-FCCE6F0D4E78/data/Containers/Bundle/Application/3691E883-52DA-4C8F-8F13-B320B82CE54A/HelloCordova.app/www/index.html?
2015-04-13 13:35:36.517 HelloCordova[1327:24662] DiskCookieStorage changing policy from 2 to 0, cookie file: file:///Users/parisasaharkhiz/Library/Developer/CoreSimulator/Devices/4E688805-2081-4EAF-860C-FCCE6F0D4E78/data/Containers/Data/Application/19BE5E25-C801-4D53-831E-D78AB908D418/Library/Cookies/Cookies.binarycookies
2015-04-13 13:35:36.570 HelloCordova[1327:24662] Apache Cordova native platform version 3.8.0 is starting.
2015-04-13 13:35:36.571 HelloCordova[1327:24662] Multi-tasking -> Device: YES, App: YES
2015-04-13 13:35:36.572 HelloCordova[1327:24662] Unlimited access to network resources
2015-04-13 13:35:36.574 HelloCordova[1327:24662] 

Started backup to iCloud! Please be careful.
Your application might be rejected by Apple if you store too much data.
For more information please read "iOS Data Storage Guidelines" at:
https://developer.apple.com/icloud/documentation/data-storage/
To disable web storage backup to iCloud, set the BackupWebStorage preference to "local" in the Cordova config.xml file

2015-04-13 13:35:36.681 HelloCordova[1327:24662] Resetting plugins due to page load.
2015-04-13 13:35:36.706 HelloCordova[1327:24662] Finished load of: file:///Users/parisasaharkhiz/Library/Developer/CoreSimulator/Devices/4E688805-2081-4EAF-860C-FCCE6F0D4E78/data/Containers/Bundle/Application/813947A4-1889-4A74-B972-30C78DA6E008/HelloCordova.app/www/index.html
2015-04-13 13:38:36.519 HelloCordova[1388:26644] DiskCookieStorage changing policy from 2 to 0, cookie file: file:///Users/parisasaharkhiz/Library/Developer/CoreSimulator/Devices/4E688805-2081-4EAF-860C-FCCE6F0D4E78/data/Containers/Data/Application/129A83AB-4F03-4D87-92A7-15EEFA9A9171/Library/Cookies/Cookies.binarycookies
2015-04-13 13:38:36.579 HelloCordova[1388:26644] Apache Cordova native platform version 3.8.0 is starting.
2015-04-13 13:38:36.580 HelloCordova[1388:26644] Multi-tasking -> Device: YES, App: YES
2015-04-13 13:38:36.581 HelloCordova[1388:26644] Unlimited access to network resources
2015-04-13 13:38:36.582 HelloCordova[1388:26644] 

Started backup to iCloud! Please be careful.
Your application might be rejected by Apple if you store too much data.
For more information please read "iOS Data Storage Guidelines" at:
https://developer.apple.com/icloud/documentation/data-storage/
To disable web storage backup to iCloud, set the BackupWebStorage preference to "local" in the Cordova config.xml file

2015-04-13 13:38:36.689 HelloCordova[1388:26644] Resetting plugins due to page load.
2015-04-13 13:38:36.716 HelloCordova[1388:26644] Finished load of: file:///Users/parisasaharkhiz/Library/Developer/CoreSimulator/Devices/4E688805-2081-4EAF-860C-FCCE6F0D4E78/data/Containers/Bundle/Application/1659BE54-9D0A-4E0B-9DDF-D52515834E84/HelloCordova.app/www/index.html
2015-04-13 13:38:52.494 HelloCordova[1432:26967] DiskCookieStorage changing policy from 2 to 0, cookie file: file:///Users/parisasaharkhiz/Library/Developer/CoreSimulator/Devices/4E688805-2081-4EAF-860C-FCCE6F0D4E78/data/Containers/Data/Application/90C6D302-BF1C-42D5-A8DD-7E0604384025/Library/Cookies/Cookies.binarycookies
2015-04-13 13:38:52.563 HelloCordova[1432:26967] Apache Cordova native platform version 3.8.0 is starting.
2015-04-13 13:38:52.564 HelloCordova[1432:26967] Multi-tasking -> Device: YES, App: YES
2015-04-13 13:38:52.565 HelloCordova[1432:26967] Unlimited access to network resources
2015-04-13 13:38:52.566 HelloCordova[1432:26967] 

Started backup to iCloud! Please be careful.
Your application might be rejected by Apple if you store too much data.
For more information please read "iOS Data Storage Guidelines" at:
https://developer.apple.com/icloud/documentation/data-storage/
To disable web storage backup to iCloud, set the BackupWebStorage preference to "local" in the Cordova config.xml file

2015-04-13 13:38:52.686 HelloCordova[1432:26967] Resetting plugins due to page load.
2015-04-13 13:38:52.728 HelloCordova[1432:26967] Finished load of: file:///Users/parisasaharkhiz/Library/Developer/CoreSimulator/Devices/4E688805-2081-4EAF-860C-FCCE6F0D4E78/data/Containers/Bundle/Application/19037C71-673C-4472-AE57-EDC67A878F0B/HelloCordova.app/www/index.html
2015-04-13 13:40:44.906 HelloCordova[1432:26967] Resetting plugins due to page load.
2015-04-13 13:40:44.924 HelloCordova[1432:26967] Finished load of: file:///Users/parisasaharkhiz/Library/Developer/CoreSimulator/Devices/4E688805-2081-4EAF-860C-FCCE6F0D4E78/data/Containers/Bundle/Application/19037C71-673C-4472-AE57-EDC67A878F0B/HelloCordova.app/www/index.html?
2015-04-13 13:42:46.081 HelloCordova[1536:29313] DiskCookieStorage changing policy from 2 to 0, cookie file: file:///Users/parisasaharkhiz/Library/Developer/CoreSimulator/Devices/4E688805-2081-4EAF-860C-FCCE6F0D4E78/data/Containers/Data/Application/0BA0B932-0B8B-4401-83D0-05A999197D70/Library/Cookies/Cookies.binarycookies
2015-04-13 13:42:46.132 HelloCordova[1536:29313] Apache Cordova native platform version 3.8.0 is starting.
2015-04-13 13:42:46.132 HelloCordova[1536:29313] Multi-tasking -> Device: YES, App: YES
2015-04-13 13:42:46.133 HelloCordova[1536:29313] Unlimited access to network resources
2015-04-13 13:42:46.135 HelloCordova[1536:29313] 

Started backup to iCloud! Please be careful.
Your application might be rejected by Apple if you store too much data.
For more information please read "iOS Data Storage Guidelines" at:
https://developer.apple.com/icloud/documentation/data-storage/
To disable web storage backup to iCloud, set the BackupWebStorage preference to "local" in the Cordova config.xml file

2015-04-13 13:42:46.234 HelloCordova[1536:29313] Resetting plugins due to page load.
2015-04-13 13:42:46.276 HelloCordova[1536:29313] Finished load of: file:///Users/parisasaharkhiz/Library/Developer/CoreSimulator/Devices/4E688805-2081-4EAF-860C-FCCE6F0D4E78/data/Containers/Bundle/Application/3E27AF3A-E469-448E-AC92-32641502F40E/HelloCordova.app/www/index.html
